2020-03-05 10:00:02,385 [MainThread  ] [INFO ]  Starting script : D:\OpenStreetMap\ExtractNewYork\download_and_extract_osm.py
2020-03-05 10:00:02,385 [MainThread  ] [INFO ]  Start time      : 2020-03-05 10:00:02.385539

2020-03-05 10:00:02,385 [MainThread  ] [INFO ]  
Making an HTTP request to New York Latest at url:
 https://download.geofabrik.de/north-america/us/new-york-latest.osm.pbf
2020-03-05 10:08:02,748 [MainThread  ] [INFO ]  
Creating download directory : D:\OpenStreetMap\ExtractNewYork\osm_downloads\2020-03-05
2020-03-05 10:08:02,749 [MainThread  ] [INFO ]  
Saving file as:
 D:\OpenStreetMap\ExtractNewYork\osm_downloads\2020-03-05\new-york-latest.osm.pbf
2020-03-05 10:08:03,842 [MainThread  ] [INFO ]  
Creating working directory:
 D:\OpenStreetMap\ExtractNewYork\extract\2020-03-05
2020-03-05 10:08:03,842 [MainThread  ] [INFO ]  
Converting OSM protocol buffer formatted file to O5M to prep for filtering:
2020-03-05 10:08:03,843 [MainThread  ] [INFO ]   D:\OpenStreetMap\ExtractNewYork\extract\2020-03-05\new-york-latest.o5m
2020-03-05 10:08:03,843 [MainThread  ] [INFO ]  Calling system command:
 D:\OpenStreetMap\ExtractNewYork\bin\osmconvert64-0.8.8p.exe D:\OpenStreetMap\ExtractNewYork\osm_downloads\2020-03-05\new-york-latest.osm.pbf -o=D:\OpenStreetMap\ExtractNewYork\extract\2020-03-05\new-york-latest.o5m
2020-03-05 10:08:10,180 [MainThread  ] [INFO ]  
Filtering out the OpenStreetMap roadways:
2020-03-05 10:08:10,181 [MainThread  ] [INFO ]   D:\OpenStreetMap\ExtractNewYork\extract\2020-03-05\new-york-latest_roadways.osm
2020-03-05 10:08:10,181 [MainThread  ] [INFO ]  Calling system command:
 D:\OpenStreetMap\ExtractNewYork\bin\osmfilter.exe D:\OpenStreetMap\ExtractNewYork\extract\2020-03-05\new-york-latest.o5m --keep=highway= --drop=highway=footway highway=pedestrian highway=path highway=track highway=steps highway=cycleway highway=bridleway access=private highway=raceway highway=abandoned construction=footway access=private -o=D:\OpenStreetMap\ExtractNewYork\extract\2020-03-05\new-york-latest_roadways.osm -t=D:\OpenStreetMap\ExtractNewYork\osmfilter_tempfile --verbose
2020-03-05 10:08:16,344 [MainThread  ] [INFO ]  
Extracting OSM layers as shapefiles
2020-03-05 10:08:16,375 [MainThread  ] [INFO ]  Creating output directory:
 P:\GIS\HighwayData\OpenStreetMap\2020-03-05
2020-03-05 10:08:16,375 [MainThread  ] [INFO ]  Working on layer: points
2020-03-05 10:08:16,391 [MainThread  ] [INFO ]  Saving as: P:\GIS\HighwayData\OpenStreetMap\2020-03-05\OpenStreetMap_Roadways_points.shp
2020-03-05 10:08:16,391 [MainThread  ] [INFO ]  Calling system command:
 ogr2ogr -f ESRI Shapefile P:\GIS\HighwayData\OpenStreetMap\2020-03-05\OpenStreetMap_Roadways_points.shp D:\OpenStreetMap\ExtractNewYork\extract\2020-03-05\new-york-latest_roadways.osm points
2020-03-05 10:08:37,610 [MainThread  ] [INFO ]  
2020-03-05 10:08:37,610 [MainThread  ] [INFO ]  Working on layer: lines
2020-03-05 10:08:37,626 [MainThread  ] [INFO ]  Saving as: P:\GIS\HighwayData\OpenStreetMap\2020-03-05\OpenStreetMap_Roadways_lines.shp
2020-03-05 10:08:37,626 [MainThread  ] [INFO ]  Calling system command:
 ogr2ogr -f ESRI Shapefile P:\GIS\HighwayData\OpenStreetMap\2020-03-05\OpenStreetMap_Roadways_lines.shp D:\OpenStreetMap\ExtractNewYork\extract\2020-03-05\new-york-latest_roadways.osm lines
2020-03-05 10:09:18,334 [MainThread  ] [INFO ]  
2020-03-05 10:09:18,334 [MainThread  ] [INFO ]  Working on layer: multilinestrings
2020-03-05 10:09:18,337 [MainThread  ] [INFO ]  Saving as: P:\GIS\HighwayData\OpenStreetMap\2020-03-05\OpenStreetMap_Roadways_multilinestrings.shp
2020-03-05 10:09:18,337 [MainThread  ] [INFO ]  Calling system command:
 ogr2ogr -f ESRI Shapefile P:\GIS\HighwayData\OpenStreetMap\2020-03-05\OpenStreetMap_Roadways_multilinestrings.shp D:\OpenStreetMap\ExtractNewYork\extract\2020-03-05\new-york-latest_roadways.osm multilinestrings
2020-03-05 10:09:33,400 [MainThread  ] [INFO ]  
2020-03-05 10:09:33,400 [MainThread  ] [INFO ]  Working on layer: multipolygons
2020-03-05 10:09:33,403 [MainThread  ] [INFO ]  Saving as: P:\GIS\HighwayData\OpenStreetMap\2020-03-05\OpenStreetMap_Roadways_multipolygons.shp
2020-03-05 10:09:33,403 [MainThread  ] [INFO ]  Calling system command:
 ogr2ogr -f ESRI Shapefile P:\GIS\HighwayData\OpenStreetMap\2020-03-05\OpenStreetMap_Roadways_multipolygons.shp D:\OpenStreetMap\ExtractNewYork\extract\2020-03-05\new-york-latest_roadways.osm multipolygons
2020-03-05 10:09:48,559 [MainThread  ] [INFO ]  
2020-03-05 10:09:48,559 [MainThread  ] [INFO ]  Working on layer: other_relations
2020-03-05 10:09:48,562 [MainThread  ] [INFO ]  Saving as: P:\GIS\HighwayData\OpenStreetMap\2020-03-05\OpenStreetMap_Roadways_other_relations.shp
2020-03-05 10:09:48,563 [MainThread  ] [INFO ]  Calling system command:
 ogr2ogr -f ESRI Shapefile P:\GIS\HighwayData\OpenStreetMap\2020-03-05\OpenStreetMap_Roadways_other_relations.shp D:\OpenStreetMap\ExtractNewYork\extract\2020-03-05\new-york-latest_roadways.osm other_relations
2020-03-05 10:10:03,470 [MainThread  ] [ERROR]  EXCEPTION: There was an exception on the other_relations layer. Skipping.
Traceback (most recent call last):
  File "D:\OpenStreetMap\ExtractNewYork\download_and_extract_osm.py", line 164, in osm_to_shapefiles
    print_and_call_command(ogr2ogr_parameters)
  File "D:\OpenStreetMap\ExtractNewYork\download_and_extract_osm.py", line 40, in print_and_call_command
    subprocess.check_call(command)
  File "D:\Program_Files\miniconda3\envs\osmdiff_viewer\lib\subprocess.py", line 363, in check_call
    raise CalledProcessError(retcode, cmd)
subprocess.CalledProcessError: Command '['ogr2ogr', '-f', 'ESRI Shapefile', 'P:\\GIS\\HighwayData\\OpenStreetMap\\2020-03-05\\OpenStreetMap_Roadways_other_relations.shp', 'D:\\OpenStreetMap\\ExtractNewYork\\extract\\2020-03-05\\new-york-latest_roadways.osm', 'other_relations']' returned non-zero exit status 1.
2020-03-05 10:10:03,492 [MainThread  ] [INFO ]  
2020-03-05 10:10:03,493 [MainThread  ] [INFO ]  Execution completed : 2020-03-05 10:10:03.493175
2020-03-05 10:10:03,493 [MainThread  ] [INFO ]  Execution time      : 0:10:01.107636
